<?xml version="1.0" encoding="UTF-8"?>
<testsuite name="model.ScheduleTest" tests="9" skipped="0" failures="0" errors="0" timestamp="2020-11-29T00:42:47" hostname="DESKTOP-22H3UDI" time="0.053">
  <properties/>
  <testcase name="compareTo()" classname="model.ScheduleTest" time="0.012"/>
  <testcase name="isPerfect()" classname="model.ScheduleTest" time="0.008"/>
  <testcase name="getConflictAmount()" classname="model.ScheduleTest" time="0.004"/>
  <testcase name="getConflicts()" classname="model.ScheduleTest" time="0.003"/>
  <testcase name="getClassList()" classname="model.ScheduleTest" time="0.005"/>
  <testcase name="getId()" classname="model.ScheduleTest" time="0.005"/>
  <testcase name="setId()" classname="model.ScheduleTest" time="0.005"/>
  <testcase name="getFitness()" classname="model.ScheduleTest" time="0.002"/>
  <testcase name="createSchedule()" classname="model.ScheduleTest" time="0.004"/>
  <system-out><![CDATA[]]></system-out>
  <system-err><![CDATA[]]></system-err>
</testsuite>
