<?xml version="1.0" encoding="UTF-8"?>
<testsuite name="model.RoomTest" tests="5" skipped="0" failures="0" errors="0" timestamp="2020-11-29T00:42:47" hostname="DESKTOP-22H3UDI" time="0.006">
  <properties/>
  <testcase name="testBuilding()" classname="model.RoomTest" time="0.0"/>
  <testcase name="testOverloadConstructor()" classname="model.RoomTest" time="0.0"/>
  <testcase name="testRoomNumber()" classname="model.RoomTest" time="0.001"/>
  <testcase name="testRoomCapacity()" classname="model.RoomTest" time="0.002"/>
  <testcase name="testDefaultConstructor()" classname="model.RoomTest" time="0.0"/>
  <system-out><![CDATA[]]></system-out>
  <system-err><![CDATA[]]></system-err>
</testsuite>
