<?xml version="1.0" encoding="UTF-8"?>
<testsuite name="model.CourseTest" tests="6" skipped="0" failures="0" errors="0" timestamp="2020-11-29T00:42:47" hostname="DESKTOP-22H3UDI" time="0.012">
  <properties/>
  <testcase name="setRoomPreference()" classname="model.CourseTest" time="0.001"/>
  <testcase name="getRoomPreference()" classname="model.CourseTest" time="0.001"/>
  <testcase name="setMaxStudents()" classname="model.CourseTest" time="0.001"/>
  <testcase name="setCourseId()" classname="model.CourseTest" time="0.001"/>
  <testcase name="getCourseId()" classname="model.CourseTest" time="0.001"/>
  <testcase name="getMaxEnrollment()" classname="model.CourseTest" time="0.001"/>
  <system-out><![CDATA[]]></system-out>
  <system-err><![CDATA[]]></system-err>
</testsuite>
