<?xml version="1.0" encoding="UTF-8"?>
<testsuite name="model.AlgorithmTest" tests="1" skipped="0" failures="0" errors="0" timestamp="2020-11-29T00:42:46" hostname="DESKTOP-22H3UDI" time="0.095">
  <properties/>
  <testcase name="evolvePopulation()" classname="model.AlgorithmTest" time="0.095"/>
  <system-out><![CDATA[]]></system-out>
  <system-err><![CDATA[]]></system-err>
</testsuite>
