<?xml version="1.0" encoding="UTF-8"?>
<testsuite name="model.ProfessorTest" tests="6" skipped="0" failures="0" errors="0" timestamp="2020-11-29T00:42:47" hostname="DESKTOP-22H3UDI" time="0.006">
  <properties/>
  <testcase name="getPreference()" classname="model.ProfessorTest" time="0.001"/>
  <testcase name="setPreference()" classname="model.ProfessorTest" time="0.0"/>
  <testcase name="addCourse()" classname="model.ProfessorTest" time="0.001"/>
  <testcase name="getTaughtCourses()" classname="model.ProfessorTest" time="0.001"/>
  <testcase name="getName()" classname="model.ProfessorTest" time="0.0"/>
  <testcase name="setName()" classname="model.ProfessorTest" time="0.001"/>
  <system-out><![CDATA[]]></system-out>
  <system-err><![CDATA[]]></system-err>
</testsuite>
