<?xml version="1.0" encoding="UTF-8"?>
<testsuite name="model.FinalClassTest" tests="14" skipped="0" failures="0" errors="0" timestamp="2020-11-29T00:42:47" hostname="DESKTOP-22H3UDI" time="0.019">
  <properties/>
  <testcase name="getRoomCap()" classname="model.FinalClassTest" time="0.002"/>
  <testcase name="getDay()" classname="model.FinalClassTest" time="0.001"/>
  <testcase name="getMax()" classname="model.FinalClassTest" time="0.001"/>
  <testcase name="setDay()" classname="model.FinalClassTest" time="0.001"/>
  <testcase name="setMax()" classname="model.FinalClassTest" time="0.0"/>
  <testcase name="getProf()" classname="model.FinalClassTest" time="0.0"/>
  <testcase name="getRoom()" classname="model.FinalClassTest" time="0.0"/>
  <testcase name="getTime()" classname="model.FinalClassTest" time="0.0"/>
  <testcase name="setRoomCap()" classname="model.FinalClassTest" time="0.0"/>
  <testcase name="setCourseID()" classname="model.FinalClassTest" time="0.002"/>
  <testcase name="getCourseID()" classname="model.FinalClassTest" time="0.0"/>
  <testcase name="setProf()" classname="model.FinalClassTest" time="0.0"/>
  <testcase name="setRoom()" classname="model.FinalClassTest" time="0.001"/>
  <testcase name="setTime()" classname="model.FinalClassTest" time="0.0"/>
  <system-out><![CDATA[]]></system-out>
  <system-err><![CDATA[]]></system-err>
</testsuite>
